Crashlog created at 2012-08-09 19:50:10 +0000

=== MESSAGE:

NameError: undefined local variable or method `lr' for #<Nanoc::Context:0x00000002072568>

=== COMPILATION STACK:

  - [item]   / (rep default)

=== BACKTRACE:

  0. layout /default/:117:in `block in get_binding'
  1. layout /default/:111:in `each'
  2. layout /default/:111:in `get_binding'
  3. /home/rupert/binary/ruby-1.9.3-p194/lib/ruby/1.9.1/erb.rb:838:in `eval'
  4. /home/rupert/binary/ruby-1.9.3-p194/lib/ruby/1.9.1/erb.rb:838:in `result'
  5. /home/rupert/binary/ruby-1.9.3-p194/lib/ruby/gems/1.9.1/gems/nanoc-3.4.0/lib/nanoc/filters/erb.rb:34:in `run'
  6. /home/rupert/binary/ruby-1.9.3-p194/lib/ruby/gems/1.9.1/gems/nanoc-3.4.0/lib/nanoc/base/result_data/item_rep.rb:408:in `layout'
  7. /home/rupert/binary/ruby-1.9.3-p194/lib/ruby/gems/1.9.1/gems/nanoc-3.4.0/lib/nanoc/base/compilation/item_rep_proxy.rb:69:in `layout'
  8. /home/rupert/binary/ruby-1.9.3-p194/lib/ruby/gems/1.9.1/gems/nanoc-3.4.0/lib/nanoc/base/compilation/rule_context.rb:67:in `layout'
  9. ./Rules:25:in `block in load'
  10. /home/rupert/binary/ruby-1.9.3-p194/lib/ruby/gems/1.9.1/gems/nanoc-3.4.0/lib/nanoc/base/compilation/rule.rb:68:in `instance_eval'
  11. /home/rupert/binary/ruby-1.9.3-p194/lib/ruby/gems/1.9.1/gems/nanoc-3.4.0/lib/nanoc/base/compilation/rule.rb:68:in `apply_to'
  12. /home/rupert/binary/ruby-1.9.3-p194/lib/ruby/gems/1.9.1/gems/nanoc-3.4.0/lib/nanoc/base/compilation/compiler.rb:381:in `compile_rep'
  13. /home/rupert/binary/ruby-1.9.3-p194/lib/ruby/gems/1.9.1/gems/nanoc-3.4.0/lib/nanoc/base/compilation/compiler.rb:337:in `block in compile_reps'
  14. /home/rupert/binary/ruby-1.9.3-p194/lib/ruby/gems/1.9.1/gems/nanoc-3.4.0/lib/nanoc/base/compilation/compiler.rb:330:in `loop'
  15. /home/rupert/binary/ruby-1.9.3-p194/lib/ruby/gems/1.9.1/gems/nanoc-3.4.0/lib/nanoc/base/compilation/compiler.rb:330:in `compile_reps'
  16. /home/rupert/binary/ruby-1.9.3-p194/lib/ruby/gems/1.9.1/gems/nanoc-3.4.0/lib/nanoc/base/compilation/compiler.rb:85:in `run'
  17. /home/rupert/binary/ruby-1.9.3-p194/lib/ruby/gems/1.9.1/gems/nanoc-3.4.0/lib/nanoc/base/source_data/site.rb:57:in `compile'
  18. /home/rupert/binary/ruby-1.9.3-p194/lib/ruby/gems/1.9.1/gems/nanoc-3.4.0/lib/nanoc/cli/commands/compile.rb:57:in `run'
  19. /home/rupert/binary/ruby-1.9.3-p194/lib/ruby/gems/1.9.1/gems/nanoc-3.4.0/lib/nanoc/cli/command_runner.rb:14:in `block in call'
  20. /home/rupert/binary/ruby-1.9.3-p194/lib/ruby/gems/1.9.1/gems/nanoc-3.4.0/lib/nanoc/cli/error_handler.rb:63:in `handle_while'
  21. /home/rupert/binary/ruby-1.9.3-p194/lib/ruby/gems/1.9.1/gems/nanoc-3.4.0/lib/nanoc/cli/error_handler.rb:26:in `handle_while'
  22. /home/rupert/binary/ruby-1.9.3-p194/lib/ruby/gems/1.9.1/gems/nanoc-3.4.0/lib/nanoc/cli/command_runner.rb:13:in `call'
  23. /home/rupert/binary/ruby-1.9.3-p194/lib/ruby/gems/1.9.1/gems/cri-2.3.0/lib/cri/command_dsl.rb:185:in `block in runner'
  24. /home/rupert/binary/ruby-1.9.3-p194/lib/ruby/gems/1.9.1/gems/cri-2.3.0/lib/cri/command.rb:296:in `call'
  25. /home/rupert/binary/ruby-1.9.3-p194/lib/ruby/gems/1.9.1/gems/cri-2.3.0/lib/cri/command.rb:296:in `run_this'
  26. /home/rupert/binary/ruby-1.9.3-p194/lib/ruby/gems/1.9.1/gems/cri-2.3.0/lib/cri/command.rb:249:in `run'
  27. /home/rupert/binary/ruby-1.9.3-p194/lib/ruby/gems/1.9.1/gems/nanoc-3.4.0/lib/nanoc/cli/commands/nanoc.rb:39:in `block in define'
  28. /home/rupert/binary/ruby-1.9.3-p194/lib/ruby/gems/1.9.1/gems/cri-2.3.0/lib/cri/command.rb:296:in `call'
  29. /home/rupert/binary/ruby-1.9.3-p194/lib/ruby/gems/1.9.1/gems/cri-2.3.0/lib/cri/command.rb:296:in `run_this'
  30. /home/rupert/binary/ruby-1.9.3-p194/lib/ruby/gems/1.9.1/gems/cri-2.3.0/lib/cri/command.rb:249:in `run'
  31. /home/rupert/binary/ruby-1.9.3-p194/lib/ruby/gems/1.9.1/gems/nanoc-3.4.0/lib/nanoc/cli.rb:47:in `block in run'
  32. /home/rupert/binary/ruby-1.9.3-p194/lib/ruby/gems/1.9.1/gems/nanoc-3.4.0/lib/nanoc/cli/error_handler.rb:63:in `handle_while'
  33. /home/rupert/binary/ruby-1.9.3-p194/lib/ruby/gems/1.9.1/gems/nanoc-3.4.0/lib/nanoc/cli/error_handler.rb:26:in `handle_while'
  34. /home/rupert/binary/ruby-1.9.3-p194/lib/ruby/gems/1.9.1/gems/nanoc-3.4.0/lib/nanoc/cli.rb:44:in `run'
  35. /home/rupert/binary/ruby-1.9.3-p194/lib/ruby/gems/1.9.1/gems/nanoc-3.4.0/bin/nanoc:19:in `<top (required)>'
  36. /home/rupert/binary/ruby-1.9.3-p194/bin/nanoc:23:in `load'
  37. /home/rupert/binary/ruby-1.9.3-p194/bin/nanoc:23:in `<main>'

=== VERSION INFORMATION:

nanoc 3.4.0 © 2007-2012 Denis Defreyne.
Running ruby 1.9.3 (2012-04-20) on x86_64-linux with RubyGems 1.8.23.

=== INSTALLED GEMS:

  RedCloth 4.2.9
  aaronh-chronic 0.3.9
  abstract 1.0.0
  actionmailer 3.0.1, 3.0.13, 3.1.0, 3.2.6
  actionpack 3.0.1, 3.0.13, 3.1.0, 3.2.6
  activemodel 3.0.1, 3.0.13, 3.1.0, 3.2.6
  activerecord 3.0.1, 3.0.13, 3.1.0, 3.2.6
  activeresource 3.0.1, 3.0.13, 3.1.0, 3.2.6
  activesupport 3.0.1, 3.0.13, 3.1.0, 3.2.6, 3.2.7
  addressable 2.2.8, 2.3.2
  adsf 1.1.1
  archive-tar-minitar 0.5.2
  arel 1.0.1, 2.0.10, 2.2.1, 3.0.2
  awesome_print 0.3.1
  bbq 0.0.4
  bcrypt-ruby 2.1.2, 3.0.1
  bigdecimal 1.1.0
  bond 0.3.3
  builder 2.1.2, 3.0.0
  bundler 1.0.12, 1.1.4
  capistrano 2.12.0
  capybara 1.1.2
  capybara-mechanize 0.3.0
  celerity 0.8.4
  childprocess 0.3.3, 0.3.4
  coffee-rails 3.2.2
  coffee-script 2.2.0
  coffee-script-source 1.3.3
  colored 1.2
  columnize 0.3.2
  compass 0.10.6
  configuration 1.1.0
  crack 0.1.8
  cri 2.3.0
  cucumber 1.0.2
  cucumber-rails 0.3.2
  culerity 0.2.12
  database_cleaner 0.6.7
  devise 1.1.3
  diff-lcs 1.1.2
  domain_name 0.5.3
  duration 0.1.0
  erubis 2.6.6, 2.7.0
  execjs 1.4.0
  factory_girl 1.3.2
  factory_girl_rails 1.0
  ffi 1.0.11, 1.1.0
  ffi-rzmq 0.9.3
  foreman 0.53.0
  gherkin 2.4.5
  gravatarify 2.2.1
  haml 3.0.23
  hashie 0.4.0
  highline 1.6.12
  hike 1.2.1
  hirb 0.3.5
  hoe 2.6.2
  httparty 0.6.1
  i18n 0.4.2, 0.5.0, 0.6.0
  interactive_editor 0.0.5
  io-console 0.3
  irb_callbacks 0.1.0
  journey 1.0.3, 1.0.4
  jquery-rails 2.0.2
  json 1.5.3, 1.5.4, 1.7.3, 1.7.4
  json_pure 1.4.6
  kgio 2.7.4
  kramdown 0.13.7
  launchy 0.3.7
  libnotify 0.7.4.pre
  libv8 3.3.10.4
  libwebsocket 0.1.3, 0.1.5
  mail 2.2.9, 2.2.19, 2.3.0, 2.4.4
  mechanize 2.5.1
  memcache-client 1.8.5
  metaclass 0.0.1
  mime-types 1.16, 1.18, 1.19
  minitest 2.5.1, 3.0.1, 3.2.0
  mocha 0.11.4, 0.12.1
  multi_json 0.0.5, 1.0.3, 1.3.6
  mysql 2.8.1
  mysql2 0.2.6, 0.3.11
  nanoc 3.4.0
  net-http-digest_auth 1.2.1
  net-http-persistent 2.7
  net-scp 1.0.4
  net-sftp 2.0.5
  net-ssh 2.5.2
  net-ssh-gateway 1.1.0
  nokogiri 1.4.3.1, 1.5.4, 1.5.5
  ntlm-http 0.1.1
  oauth 0.4.4
  paperclip 2.3.8
  pg 0.13.2
  polyglot 0.3.1, 0.3.2, 0.3.3
  rack 1.2.1, 1.2.5, 1.3.3, 1.4.1
  rack-cache 1.0.3, 1.2
  rack-mount 0.6.13, 0.6.14, 0.8.3
  rack-ssl 1.3.2
  rack-test 0.5.6, 0.5.7, 0.6.1
  rails 3.0.13, 3.1.0, 3.2.6
  rails_autolink 1.0.9
  railties 3.0.13, 3.1.0, 3.2.6
  raindrops 0.8.0
  rake 0.8.7, 0.9.2, 0.9.2.2
  rbx-require-relative 0.0.9
  rdoc 3.9.4, 3.12
  rspec 2.1.0
  rspec-core 2.1.0
  rspec-expectations 2.1.0
  rspec-mocks 2.1.0
  rspec-rails 2.1.0
  ruby-prof 0.11.2
  ruby_core_source 0.1.5
  rubyforge 2.0.4
  rubyzip 0.9.9
  rvm 1.0.21
  sass 3.1.19, 3.1.20
  sass-rails 3.2.5
  selenium-webdriver 2.24.0, 2.25.0
  simple-rss 1.2.3
  spoon 0.0.1
  sprockets 2.0.0, 2.1.3, 2.3.2
  sprockets-rails 1.0.0
  sqlite3 1.3.6
  term-ansicolor 1.0.5
  therubyracer 0.10.1
  thor 0.14.6, 0.15.2, 0.15.4
  tilt 1.3.3
  tnetstring 0.3.4
  treetop 1.4.8, 1.4.10
  twitter 0.9.12
  tzinfo 0.3.23, 0.3.29, 0.3.33
  uglifier 1.2.4, 1.2.6
  unf 0.0.5
  unf_ext 0.0.5
  unicorn 4.2.1
  w3c_validators 1.2
  warden 0.10.7
  webrobots 0.0.13
  what_methods 1.0.1
  whenever 0.6.2
  wirble 0.1.3
  xpath 0.1.4
  yajl-ruby 1.1.0

=== ENVIRONMENT:

COLORTERM => "gnome-terminal"
DBUS_SESSION_BUS_ADDRESS => "unix:abstract=/tmp/dbus-hdHR332xqu,guid=a3a59697a0d248c6e828f9420000003b"
DEFAULTS_PATH => "/usr/share/gconf/gnome-classic.default.path"
DESKTOP_SESSION => "gnome-classic"
DISPLAY => ":0.0"
EDITOR => "vim"
GDMSESSION => "gnome-classic"
GNOME_DESKTOP_SESSION_ID => "this-is-deprecated"
GNOME_KEYRING_CONTROL => "/tmp/keyring-jv5ErD"
GNOME_KEYRING_PID => "3013"
GPG_AGENT_INFO => "/tmp/keyring-jv5ErD/gpg:0:1"
HOME => "/home/rupert"
LANG => "en_US.UTF-8"
LESSCLOSE => "/usr/bin/lesspipe %s %s"
LESSOPEN => "| /usr/bin/lesspipe %s"
LOGNAME => "rupert"
LS_COLORS => "rs=0:di=01;34:ln=01;36:mh=00:pi=40;33:so=01;35:do=01;35:bd=40;33;01:cd=40;33;01:or=40;31;01:su=37;41:sg=30;43:ca=30;41:tw=30;42:ow=34;42:st=37;44:ex=01;32:*.tar=01;31:*.tgz=01;31:*.arj=01;31:*.taz=01;31:*.lzh=01;31:*.lzma=01;31:*.tlz=01;31:*.txz=01;31:*.zip=01;31:*.z=01;31:*.Z=01;31:*.dz=01;31:*.gz=01;31:*.lz=01;31:*.xz=01;31:*.bz2=01;31:*.bz=01;31:*.tbz=01;31:*.tbz2=01;31:*.tz=01;31:*.deb=01;31:*.rpm=01;31:*.jar=01;31:*.war=01;31:*.ear=01;31:*.sar=01;31:*.rar=01;31:*.ace=01;31:*.zoo=01;31:*.cpio=01;31:*.7z=01;31:*.rz=01;31:*.jpg=01;35:*.jpeg=01;35:*.gif=01;35:*.bmp=01;35:*.pbm=01;35:*.pgm=01;35:*.ppm=01;35:*.tga=01;35:*.xbm=01;35:*.xpm=01;35:*.tif=01;35:*.tiff=01;35:*.png=01;35:*.svg=01;35:*.svgz=01;35:*.mng=01;35:*.pcx=01;35:*.mov=01;35:*.mpg=01;35:*.mpeg=01;35:*.m2v=01;35:*.mkv=01;35:*.webm=01;35:*.ogm=01;35:*.mp4=01;35:*.m4v=01;35:*.mp4v=01;35:*.vob=01;35:*.qt=01;35:*.nuv=01;35:*.wmv=01;35:*.asf=01;35:*.rm=01;35:*.rmvb=01;35:*.flc=01;35:*.avi=01;35:*.fli=01;35:*.flv=01;35:*.gl=01;35:*.dl=01;35:*.xcf=01;35:*.xwd=01;35:*.yuv=01;35:*.cgm=01;35:*.emf=01;35:*.axv=01;35:*.anx=01;35:*.ogv=01;35:*.ogx=01;35:*.aac=00;36:*.au=00;36:*.flac=00;36:*.mid=00;36:*.midi=00;36:*.mka=00;36:*.mp3=00;36:*.mpc=00;36:*.ogg=00;36:*.ra=00;36:*.wav=00;36:*.axa=00;36:*.oga=00;36:*.spx=00;36:*.xspf=00;36:"
MANDATORY_PATH => "/usr/share/gconf/gnome-classic.mandatory.path"
OLDPWD => "/home/rupert/develop"
PATH => "/home/rupert/binary/ruby-1.9.3-p194/bin:/home/rupert/binary/ruby-1.9.3-p194-host/bin:/usr/lib/lightdm/lightdm:/usr/local/sbin:/usr/local/bin:/usr/sbin:/usr/bin:/sbin:/bin:/usr/games"
PWD => "/home/rupert/develop/drugcamp"
SCHROOT_CHROOT_NAME => "sandbox"
SCHROOT_COMMAND => "/bin/bash"
SCHROOT_GID => "1000"
SCHROOT_GROUP => "rupert"
SCHROOT_SESSION_ID => "sandbox-session"
SCHROOT_UID => "1000"
SCHROOT_USER => "rupert"
SESSION_MANAGER => "local/rupert-ThinkPad-T420:@/tmp/.ICE-unix/3024,unix/rupert-ThinkPad-T420:/tmp/.ICE-unix/3024"
SHELL => "/bin/bash"
SHLVL => "2"
SOYWIKI_VIM => "gvim"
SSH_AGENT_PID => "3064"
SSH_AUTH_SOCK => "/tmp/keyring-jv5ErD/ssh"
TERM => "xterm"
UBUNTU_MENUPROXY => "libappmenu.so"
USER => "rupert"
WINDOWID => "61409017"
XAUTHORITY => "/home/rupert/.Xauthority"
XDG_CONFIG_DIRS => "/etc/xdg/xdg-gnome-classic:/etc/xdg"
XDG_CURRENT_DESKTOP => "GNOME"
XDG_DATA_DIRS => "/usr/share/gnome-classic:/usr/share/gnome:/usr/local/share/:/usr/share/"
XDG_SEAT_PATH => "/org/freedesktop/DisplayManager/Seat0"
XDG_SESSION_COOKIE => "67a9aef6d0fe3250dff075a60000000a-1344185408.423268-1934683911"
XDG_SESSION_PATH => "/org/freedesktop/DisplayManager/Session0"
_ => "/home/rupert/binary/ruby-1.9.3-p194/bin/nanoc"

=== $LOAD_PATH:

  0. /home/rupert/binary/ruby-1.9.3-p194/lib/ruby/gems/1.9.1/gems/nanoc-3.4.0/lib
  1. /home/rupert/binary/ruby-1.9.3-p194/lib/ruby/gems/1.9.1/gems/colored-1.2/lib
  2. /home/rupert/binary/ruby-1.9.3-p194/lib/ruby/gems/1.9.1/gems/cri-2.3.0/lib
  3. /home/rupert/binary/ruby-1.9.3-p194/lib/ruby/gems/1.9.1/gems/nanoc-3.4.0/lib
  4. /home/rupert/binary/ruby-1.9.3-p194/lib/ruby/gems/1.9.1/gems/bundler-1.1.4/lib
  5. /home/rupert/binary/ruby-1.9.3-p194/lib/ruby/site_ruby/1.9.1
  6. /home/rupert/binary/ruby-1.9.3-p194/lib/ruby/site_ruby/1.9.1/x86_64-linux
  7. /home/rupert/binary/ruby-1.9.3-p194/lib/ruby/site_ruby
  8. /home/rupert/binary/ruby-1.9.3-p194/lib/ruby/vendor_ruby/1.9.1
  9. /home/rupert/binary/ruby-1.9.3-p194/lib/ruby/vendor_ruby/1.9.1/x86_64-linux
  10. /home/rupert/binary/ruby-1.9.3-p194/lib/ruby/vendor_ruby
  11. /home/rupert/binary/ruby-1.9.3-p194/lib/ruby/1.9.1
  12. /home/rupert/binary/ruby-1.9.3-p194/lib/ruby/1.9.1/x86_64-linux
